c:\my_files\технологии индустриального программирования\2022-11-14_пр11-14\calculator\calculator\x64\debug\uic\ui_calculator.h
c:\my_files\технологии индустриального программирования\2022-11-14_пр11-14\calculator\calculator\x64\debug\rcc\qrc_calculator.cpp
c:\my_files\технологии индустриального программирования\2022-11-14_пр11-14\calculator\calculator\x64\debug\moc\moc_calculator.cpp
c:\my_files\технологии индустриального программирования\2022-11-14_пр11-14\calculator\calculator\x64\debug\main.obj
c:\my_files\технологии индустриального программирования\2022-11-14_пр11-14\calculator\calculator\x64\debug\calculator.obj
c:\my_files\технологии индустриального программирования\2022-11-14_пр11-14\calculator\calculator\x64\debug\vc143.pdb
c:\my_files\технологии индустриального программирования\2022-11-14_пр11-14\calculator\calculator\x64\debug\qrc_calculator.obj
c:\my_files\технологии индустриального программирования\2022-11-14_пр11-14\calculator\calculator\x64\debug\moc_calculator.obj
c:\my_files\технологии индустриального программирования\2022-11-14_пр11-14\calculator\x64\debug\calculator.exe
c:\my_files\технологии индустриального программирования\2022-11-14_пр11-14\calculator\calculator\x64\debug\calculator.tlog\calculator.write.1u.tlog
c:\my_files\технологии индустриального программирования\2022-11-14_пр11-14\calculator\calculator\x64\debug\calculator.tlog\cl.10040.write.1.tlog
c:\my_files\технологии индустриального программирования\2022-11-14_пр11-14\calculator\calculator\x64\debug\calculator.tlog\cl.command.1.tlog
c:\my_files\технологии индустриального программирования\2022-11-14_пр11-14\calculator\calculator\x64\debug\calculator.tlog\cl.read.1.tlog
c:\my_files\технологии индустриального программирования\2022-11-14_пр11-14\calculator\calculator\x64\debug\calculator.tlog\link.command.1.tlog
c:\my_files\технологии индустриального программирования\2022-11-14_пр11-14\calculator\calculator\x64\debug\calculator.tlog\link.read.1.tlog
c:\my_files\технологии индустриального программирования\2022-11-14_пр11-14\calculator\calculator\x64\debug\calculator.tlog\link.write.1.tlog
c:\my_files\технологии индустриального программирования\2022-11-14_пр11-14\calculator\calculator\x64\debug\calculator.tlog\moc.read.1u.tlog
c:\my_files\технологии индустриального программирования\2022-11-14_пр11-14\calculator\calculator\x64\debug\calculator.tlog\moc.write.1u.tlog
c:\my_files\технологии индустриального программирования\2022-11-14_пр11-14\calculator\calculator\x64\debug\calculator.tlog\rcc.read.1u.tlog
c:\my_files\технологии индустриального программирования\2022-11-14_пр11-14\calculator\calculator\x64\debug\calculator.tlog\rcc.write.1u.tlog
c:\my_files\технологии индустриального программирования\2022-11-14_пр11-14\calculator\calculator\x64\debug\calculator.tlog\uic.read.1u.tlog
c:\my_files\технологии индустриального программирования\2022-11-14_пр11-14\calculator\calculator\x64\debug\calculator.tlog\uic.write.1u.tlog
