  Calculator.cpp
  main.cpp
C:\MY_FILES\Технологии индустриального программирования\2022-11-14_ПР11-14\Calculator\Calculator\Calculator.cpp(1,1): warning C4828: Файл содержит знак, начинающийся со смещения 0x94, который является недопустимым в текущей исходной кодировке (кодовая страница 65001).
C:\MY_FILES\Технологии индустриального программирования\2022-11-14_ПР11-14\Calculator\Calculator\Calculator.cpp(1,1): warning C4828: Файл содержит знак, начинающийся со смещения 0x96, который является недопустимым в текущей исходной кодировке (кодовая страница 65001).
C:\MY_FILES\Технологии индустриального программирования\2022-11-14_ПР11-14\Calculator\Calculator\Calculator.cpp(1,1): warning C4828: Файл содержит знак, начинающийся со смещения 0x99, который является недопустимым в текущей исходной кодировке (кодовая страница 65001).
C:\MY_FILES\Технологии индустриального программирования\2022-11-14_ПР11-14\Calculator\Calculator\Calculator.cpp(1,1): warning C4828: Файл содержит знак, начинающийся со смещения 0x9d, который является недопустимым в текущей исходной кодировке (кодовая страница 65001).
C:\MY_FILES\Технологии индустриального программирования\2022-11-14_ПР11-14\Calculator\Calculator\Calculator.cpp(1,1): warning C4828: Файл содержит знак, начинающийся со смещения 0xa0, который является недопустимым в текущей исходной кодировке (кодовая страница 65001).
C:\MY_FILES\Технологии индустриального программирования\2022-11-14_ПР11-14\Calculator\Calculator\Calculator.cpp(1,1): warning C4828: Файл содержит знак, начинающийся со смещения 0xa3, который является недопустимым в текущей исходной кодировке (кодовая страница 65001).
C:\MY_FILES\Технологии индустриального программирования\2022-11-14_ПР11-14\Calculator\Calculator\Calculator.cpp(1,1): warning C4828: Файл содержит знак, начинающийся со смещения 0xa6, который является недопустимым в текущей исходной кодировке (кодовая страница 65001).
C:\MY_FILES\Технологии индустриального программирования\2022-11-14_ПР11-14\Calculator\Calculator\Calculator.cpp(1,1): warning C4828: Файл содержит знак, начинающийся со смещения 0xa9, который является недопустимым в текущей исходной кодировке (кодовая страница 65001).
C:\MY_FILES\Технологии индустриального программирования\2022-11-14_ПР11-14\Calculator\Calculator\Calculator.cpp(1,1): warning C4828: Файл содержит знак, начинающийся со смещения 0x3cb, который является недопустимым в текущей исходной кодировке (кодовая страница 65001).
C:\MY_FILES\Технологии индустриального программирования\2022-11-14_ПР11-14\Calculator\Calculator\Calculator.cpp(1,1): warning C4828: Файл содержит знак, начинающийся со смещения 0x3cd, который является недопустимым в текущей исходной кодировке (кодовая страница 65001).
C:\MY_FILES\Технологии индустриального программирования\2022-11-14_ПР11-14\Calculator\Calculator\Calculator.cpp(1,1): warning C4828: Файл содержит знак, начинающийся со смещения 0x3d0, который является недопустимым в текущей исходной кодировке (кодовая страница 65001).
C:\MY_FILES\Технологии индустриального программирования\2022-11-14_ПР11-14\Calculator\Calculator\Calculator.cpp(1,1): warning C4828: Файл содержит знак, начинающийся со смещения 0x3d1, который является недопустимым в текущей исходной кодировке (кодовая страница 65001).
C:\MY_FILES\Технологии индустриального программирования\2022-11-14_ПР11-14\Calculator\Calculator\Calculator.cpp(1,1): warning C4828: Файл содержит знак, начинающийся со смещения 0x3d5, который является недопустимым в текущей исходной кодировке (кодовая страница 65001).
C:\MY_FILES\Технологии индустриального программирования\2022-11-14_ПР11-14\Calculator\Calculator\Calculator.cpp(1,1): warning C4828: Файл содержит знак, начинающийся со смещения 0x3d8, который является недопустимым в текущей исходной кодировке (кодовая страница 65001).
C:\MY_FILES\Технологии индустриального программирования\2022-11-14_ПР11-14\Calculator\Calculator\Calculator.cpp(1,1): warning C4828: Файл содержит знак, начинающийся со смещения 0x3db, который является недопустимым в текущей исходной кодировке (кодовая страница 65001).
C:\MY_FILES\Технологии индустриального программирования\2022-11-14_ПР11-14\Calculator\Calculator\Calculator.cpp(1,1): warning C4828: Файл содержит знак, начинающийся со смещения 0x3de, который является недопустимым в текущей исходной кодировке (кодовая страница 65001).
C:\MY_FILES\Технологии индустриального программирования\2022-11-14_ПР11-14\Calculator\Calculator\Calculator.cpp(1,1): warning C4828: Файл содержит знак, начинающийся со смещения 0x3e1, который является недопустимым в текущей исходной кодировке (кодовая страница 65001).
C:\MY_FILES\Технологии индустриального программирования\2022-11-14_ПР11-14\Calculator\Calculator\Calculator.cpp(1,1): warning C4828: Файл содержит знак, начинающийся со смещения 0x3e4, который является недопустимым в текущей исходной кодировке (кодовая страница 65001).
C:\MY_FILES\Технологии индустриального программирования\2022-11-14_ПР11-14\Calculator\Calculator\Calculator.cpp(1,1): warning C4828: Файл содержит знак, начинающийся со смещения 0x3e7, который является недопустимым в текущей исходной кодировке (кодовая страница 65001).
C:\MY_FILES\Технологии индустриального программирования\2022-11-14_ПР11-14\Calculator\Calculator\Calculator.cpp(1,1): warning C4828: Файл содержит знак, начинающийся со смещения 0x4de, который является недопустимым в текущей исходной кодировке (кодовая страница 65001).
C:\MY_FILES\Технологии индустриального программирования\2022-11-14_ПР11-14\Calculator\Calculator\Calculator.cpp(1,1): warning C4828: Файл содержит знак, начинающийся со смещения 0x4e0, который является недопустимым в текущей исходной кодировке (кодовая страница 65001).
C:\MY_FILES\Технологии индустриального программирования\2022-11-14_ПР11-14\Calculator\Calculator\Calculator.cpp(1,1): warning C4828: Файл содержит знак, начинающийся со смещения 0x4e3, который является недопустимым в текущей исходной кодировке (кодовая страница 65001).
C:\MY_FILES\Технологии индустриального программирования\2022-11-14_ПР11-14\Calculator\Calculator\Calculator.cpp(1,1): warning C4828: Файл содержит знак, начинающийся со смещения 0x4e7, который является недопустимым в текущей исходной кодировке (кодовая страница 65001).
C:\MY_FILES\Технологии индустриального программирования\2022-11-14_ПР11-14\Calculator\Calculator\Calculator.cpp(1,1): warning C4828: Файл содержит знак, начинающийся со смещения 0x4ea, который является недопустимым в текущей исходной кодировке (кодовая страница 65001).
C:\MY_FILES\Технологии индустриального программирования\2022-11-14_ПР11-14\Calculator\Calculator\Calculator.cpp(1,1): warning C4828: Файл содержит знак, начинающийся со смещения 0x4ee, который является недопустимым в текущей исходной кодировке (кодовая страница 65001).
C:\MY_FILES\Технологии индустриального программирования\2022-11-14_ПР11-14\Calculator\Calculator\Calculator.cpp(1,1): warning C4828: Файл содержит знак, начинающийся со смещения 0x6e2, который является недопустимым в текущей исходной кодировке (кодовая страница 65001).
C:\MY_FILES\Технологии индустриального программирования\2022-11-14_ПР11-14\Calculator\Calculator\Calculator.cpp(1,1): warning C4828: Файл содержит знак, начинающийся со смещения 0x6e4, который является недопустимым в текущей исходной кодировке (кодовая страница 65001).
C:\MY_FILES\Технологии индустриального программирования\2022-11-14_ПР11-14\Calculator\Calculator\Calculator.cpp(1,1): warning C4828: Файл содержит знак, начинающийся со смещения 0x6e7, который является недопустимым в текущей исходной кодировке (кодовая страница 65001).
  moc_Calculator.cpp
  Calculator.vcxproj -> C:\MY_FILES\Технологии индустриального программирования\2022-11-14_ПР11-14\Calculator\x64\Debug\Calculator.exe
